Build started 4/18/2016 1:27:22 AM.
     1>Project "C:\Users\cougs_000\Documents\Simpletron\Simpletron\Simpletron.vcxproj" on node 2 (Build target(s)).
     1>ClCompile:
         C:\Program Files (x86)\Microsoft Visual Studio 12.0\VC\bin\CL.exe /c /ZI /nologo /W3 /WX- /sdl /Od /Oy- /D WIN32 /D _DEBUG /D _CONSOLE /D _LIB /D _CRT_SECURE_NO_WARNINGS /D _UNICODE /D UNICODE /Gm /EHsc /RTC1 /MDd /GS /fp:precise /Zc:wchar_t /Zc:forScope /Fo"Debug\\" /Fd"Debug\vc120.pdb" /Gd /TC /analyze- /errorReport:prompt compiler.c main.c memory.c
         memory.c
         main.c
     1>c:\users\cougs_000\documents\simpletron\simpletron\main.c(15): warning C4013: 'write_word_to_mem' undefined; assuming extern returning int
     1>c:\users\cougs_000\documents\simpletron\simpletron\main.c(25): warning C4013: 'system' undefined; assuming extern returning int
     1>c:\users\cougs_000\documents\simpletron\simpletron\main.c(30): warning C4013: 'read_and_parse_sml' undefined; assuming extern returning int
     1>c:\users\cougs_000\documents\simpletron\simpletron\main.c(31): warning C4013: 'handle_instruction' undefined; assuming extern returning int
         compiler.c
     1>c:\users\cougs_000\documents\simpletron\simpletron\compiler.c(18): warning C4013: 'system' undefined; assuming extern returning int
     1>c:\users\cougs_000\documents\simpletron\simpletron\compiler.c(76): warning C4013: 'read_word_from_mem' undefined; assuming extern returning int
     1>c:\users\cougs_000\documents\simpletron\simpletron\compiler.c(92): warning C4013: 'write_word_to_mem' undefined; assuming extern returning int
         Generating Code...
       Link:
         C:\Program Files (x86)\Microsoft Visual Studio 12.0\VC\bin\link.exe /ERRORREPORT:PROMPT /OUT:"C:\Users\cougs_000\Documents\Simpletron\Debug\Simpletron.exe" /INCREMENTAL /NOLOGO kernel32.lib user32.lib gdi32.lib winspool.lib comdlg32.lib advapi32.lib shell32.lib ole32.lib oleaut32.lib uuid.lib odbc32.lib odbccp32.lib /MANIFEST /MANIFESTUAC:"level='asInvoker' uiAccess='false'" /manifest:embed /DEBUG /PDB:"C:\Users\cougs_000\Documents\Simpletron\Debug\Simpletron.pdb" /SUBSYSTEM:CONSOLE /TLBID:1 /DYNAMICBASE /NXCOMPAT /IMPLIB:"C:\Users\cougs_000\Documents\Simpletron\Debug\Simpletron.lib" /MACHINE:X86 Debug\compiler.obj
         Debug\main.obj
         Debug\memory.obj
         Simpletron.vcxproj -> C:\Users\cougs_000\Documents\Simpletron\Debug\Simpletron.exe
     1>Done Building Project "C:\Users\cougs_000\Documents\Simpletron\Simpletron\Simpletron.vcxproj" (Build target(s)).

Build succeeded.

Time Elapsed 00:00:00.88
